<?xml version="1.0" encoding="UTF-8"?>
<!-- Generated by org.testng.reporters.JUnitReportReporter -->
<testsuite hostname="DESKTOP-UKSE9H5" failures="0" tests="1" name="cucumberOptions.TestNGTestRunner" time="5.379" errors="0" timestamp="2025-03-11T21:36:12 IST" skipped="0">
  <testcase classname="cucumberOptions.TestNGTestRunner" name="runScenario" time="5.379"/>
</testsuite> <!-- cucumberOptions.TestNGTestRunner -->
