<?xml version="1.0" encoding="UTF-8"?>
<!-- Generated by org.testng.reporters.JUnitReportReporter -->
<testsuite hostname="DESKTOP-UKSE9H5" failures="0" tests="1" name="cucumberOptions.TestNGTestRunner" time="4.916" errors="0" timestamp="2025-03-10T23:24:28 IST" skipped="0">
  <testcase classname="cucumberOptions.TestNGTestRunner" name="runScenario" time="4.916"/>
</testsuite> <!-- cucumberOptions.TestNGTestRunner -->
