<?xml version="1.0" encoding="UTF-8"?>
<!-- Generated by org.testng.reporters.JUnitReportReporter -->
<testsuite hostname="DESKTOP-UKSE9H5" failures="0" tests="1" name="cucumberOptions.TestNGTestRunner" time="13.075" errors="0" timestamp="2025-03-12T23:12:25 IST" skipped="0">
  <testcase classname="cucumberOptions.TestNGTestRunner" name="runScenario" time="13.075"/>
</testsuite> <!-- cucumberOptions.TestNGTestRunner -->
